TN:
SF:src/components/BackgroundGrid.tsx
FN:11,(anonymous_0)
FN:15,(anonymous_1)
FN:17,(anonymous_2)
FN:18,(anonymous_3)
FN:32,(anonymous_4)
FN:41,(anonymous_5)
FNF:6
FNH:6
FNDA:2,(anonymous_0)
FNDA:20,(anonymous_1)
FNDA:2,(anonymous_2)
FNDA:20,(anonymous_3)
FNDA:20,(anonymous_4)
FNDA:800,(anonymous_5)
DA:4,2
DA:11,2
DA:12,2
DA:13,2
DA:15,20
DA:17,2
DA:18,2
DA:19,20
DA:30,2
DA:33,20
DA:42,800
DA:62,2
LF:12
LH:12
BRDA:53,0,0,2
BRDA:53,0,1,2
BRF:2
BRH:2
end_of_record
TN:
SF:src/components/Button.tsx
FN:13,(anonymous_0)
FNF:1
FNH:1
FNDA:7,(anonymous_0)
DA:13,2
DA:21,7
DA:41,2
LF:3
LH:3
BRDA:16,0,0,2
BRDA:17,1,0,3
BRDA:18,2,0,3
BRDA:24,3,0,7
BRDA:24,3,1,7
BRDA:27,4,0,7
BRDA:27,4,1,0
BRDA:28,5,0,7
BRDA:28,5,1,7
BRDA:28,5,2,1
BRDA:32,6,0,1
BRDA:32,6,1,6
BRF:12
BRH:11
end_of_record
TN:
SF:src/components/WeatherCard.tsx
FN:12,(anonymous_0)
FNF:1
FNH:1
FNDA:1,(anonymous_0)
DA:12,2
DA:19,1
DA:20,1
DA:22,1
DA:47,2
LF:5
LH:5
BRDA:17,0,0,0
BRDA:24,1,0,0
BRDA:24,1,1,1
BRDA:27,2,0,0
BRDA:27,2,1,1
BRDA:36,3,0,0
BRDA:36,3,1,1
BRDA:40,4,0,0
BRDA:40,4,1,1
BRF:9
BRH:4
end_of_record
TN:
SF:src/hooks/useWeather.ts
FN:6,(anonymous_0)
FN:9,(anonymous_1)
FN:11,(anonymous_2)
FNF:3
FNH:3
FNDA:4,(anonymous_0)
FNDA:7,(anonymous_1)
FNDA:1,(anonymous_2)
DA:6,1
DA:7,4
DA:8,4
DA:9,7
DA:11,4
DA:12,1
DA:13,0
DA:17,4
LF:8
LH:7
BRDA:12,0,0,0
BRDA:12,0,1,1
BRF:2
BRH:1
end_of_record
TN:
SF:src/redux/store.ts
FNF:0
FNH:0
DA:4,1
LF:1
LH:1
BRF:0
BRH:0
end_of_record
TN:
SF:src/redux/weather/weatherSlice.ts
FN:20,(anonymous_0)
FN:34,(anonymous_1)
FN:34,(anonymous_2)
FN:43,(anonymous_3)
FN:45,(anonymous_4)
FN:50,(anonymous_5)
FN:54,(anonymous_6)
FNF:7
FNH:7
FNDA:1,(anonymous_0)
FNDA:1,(anonymous_1)
FNDA:1,(anonymous_2)
FNDA:2,(anonymous_3)
FNDA:1,(anonymous_4)
FNDA:1,(anonymous_5)
FNDA:1,(anonymous_6)
DA:12,2
DA:18,2
DA:21,1
DA:22,1
DA:23,0
DA:24,0
DA:27,1
DA:28,1
DA:34,2
DA:35,1
DA:36,1
DA:39,2
DA:44,2
DA:46,1
DA:47,1
DA:48,1
DA:51,1
DA:52,1
DA:55,1
DA:56,1
LF:20
LH:18
BRDA:27,0,0,1
BRDA:27,0,1,0
BRDA:36,1,0,1
BRDA:36,1,1,0
BRDA:56,2,0,1
BRDA:56,2,1,0
BRF:6
BRH:3
end_of_record
TN:
SF:src/screens/HomeScreen.tsx
FN:23,(anonymous_0)
FN:29,(anonymous_1)
FN:33,(anonymous_2)
FN:92,(anonymous_3)
FNF:4
FNH:4
FNDA:4,(anonymous_0)
FNDA:4,(anonymous_1)
FNDA:1,(anonymous_2)
FNDA:1,(anonymous_3)
DA:23,1
DA:24,4
DA:26,4
DA:27,4
DA:29,4
DA:30,4
DA:33,4
DA:34,1
DA:35,1
DA:38,4
DA:39,4
DA:92,1
LF:12
LH:12
BRDA:41,0,0,4
BRDA:41,0,1,0
BRDA:52,1,0,0
BRDA:52,1,1,4
BRDA:63,2,0,2
BRDA:63,2,1,2
BRDA:68,3,0,4
BRDA:68,3,1,0
BRDA:73,4,0,4
BRDA:73,4,1,0
BRDA:74,5,0,0
BRDA:74,5,1,4
BRDA:89,6,0,0
BRDA:89,6,1,4
BRDA:92,7,0,0
BRDA:92,7,1,1
BRF:16
BRH:9
end_of_record
TN:
SF:src/services/weatherService.ts
FN:5,(anonymous_0)
FNF:1
FNH:1
FNDA:2,(anonymous_0)
DA:5,2
DA:6,2
DA:17,1
LF:3
LH:3
BRF:0
BRH:0
end_of_record
TN:
SF:src/styles/ThemeContext.tsx
FN:5,(anonymous_0)
FNF:1
FNH:0
FNDA:0,(anonymous_0)
DA:3,1
DA:8,1
LF:2
LH:2
BRF:0
BRH:0
end_of_record
TN:
SF:src/styles/homeScreenStyles.ts
FNF:0
FNH:0
DA:3,1
LF:1
LH:1
BRF:0
BRH:0
end_of_record
TN:
SF:src/utils/constants.ts
FNF:0
FNH:0
DA:1,2
LF:1
LH:1
BRF:0
BRH:0
end_of_record
